no change     /opt/anaconda/miniconda3/condabin/conda
no change     /opt/anaconda/miniconda3/bin/conda
no change     /opt/anaconda/miniconda3/bin/conda-env
no change     /opt/anaconda/miniconda3/bin/activate
no change     /opt/anaconda/miniconda3/bin/deactivate
no change     /opt/anaconda/miniconda3/etc/profile.d/conda.sh
no change     /opt/anaconda/miniconda3/etc/fish/conf.d/conda.fish
no change     /opt/anaconda/miniconda3/shell/condabin/Conda.psm1
no change     /opt/anaconda/miniconda3/shell/condabin/conda-hook.ps1
no change     /opt/anaconda/miniconda3/lib/python3.7/site-packages/xontrib/conda.xsh
no change     /opt/anaconda/miniconda3/etc/profile.d/conda.csh
no change     /home/stud-lscholz/.bashrc
No action taken.

CommandNotFoundError: Your shell has not been properly configured to use 'conda activate'.
To initialize your shell, run

    $ conda init <SHELL_NAME>

Currently supported shells are:
  - bash
  - fish
  - tcsh
  - xonsh
  - zsh
  - powershell

See 'conda init --help' for more information and options.

IMPORTANT: You may need to close and restart your shell after running 'conda init'.


python: can't open file 'train.py': [Errno 2] No such file or directory
