Collecting dotmap==1.2.20
  Downloading dotmap-1.2.20.tar.gz (6.4 kB)
Collecting future==0.16.0
  Downloading future-0.16.0.tar.gz (824 kB)
Collecting gpflow
  Using cached gpflow-2.4.0-py3-none-any.whl (334 kB)
Collecting gym==0.9.4
  Using cached gym-0.9.4-py3-none-any.whl
Collecting mujoco-py==0.5.7
  Downloading mujoco-py-0.5.7.tar.gz (37 kB)
Collecting numpy==1.14.0
  Downloading numpy-1.14.0-cp36-cp36m-manylinux1_x86_64.whl (17.2 MB)
Collecting scipy==0.19.0
  Using cached scipy-0.19.0-cp36-cp36m-manylinux1_x86_64.whl (48.2 MB)
Collecting tensorflow-gpu==1.9.0
  Using cached tensorflow_gpu-1.9.0-cp36-cp36m-manylinux1_x86_64.whl (229.6 MB)
Collecting tqdm==4.19.4
  Downloading tqdm-4.19.4-py2.py3-none-any.whl (50 kB)
Collecting termcolor
  Using cached termcolor-1.1.0-py3-none-any.whl
Collecting requests>=2.0
  Using cached requests-2.27.1-py2.py3-none-any.whl (63 kB)
Collecting pyglet>=1.2.0
  Using cached pyglet-2.0.9-py3-none-any.whl (854 kB)
Collecting six
  Using cached six-1.16.0-py2.py3-none-any.whl (11 kB)
Collecting PyOpenGL>=3.1.0
  Downloading PyOpenGL-3.1.7-py3-none-any.whl (2.4 MB)
Collecting gast>=0.2.0
  Using cached gast-0.5.4-py3-none-any.whl (19 kB)
Collecting absl-py>=0.1.6
  Using cached absl_py-1.4.0-py3-none-any.whl (126 kB)
Collecting setuptools<=39.1.0
  Using cached setuptools-39.1.0-py2.py3-none-any.whl (566 kB)
Requirement already satisfied: wheel>=0.26 in /home/stud-lscholz/.conda/envs/MBRL2/lib/python3.6/site-packages (from tensorflow-gpu==1.9.0->-r requirements.txt (line 8)) (0.37.1)
Collecting protobuf>=3.4.0
  Using cached protobuf-3.19.6-cp36-cp36m-manylinux_2_17_x86_64.manylinux2014_x86_64.whl (1.1 MB)
Collecting tensorboard<1.10.0,>=1.9.0
  Using cached tensorboard-1.9.0-py3-none-any.whl (3.3 MB)
Collecting astor>=0.6.0
  Using cached astor-0.8.1-py2.py3-none-any.whl (27 kB)
Collecting grpcio>=1.8.6
  Using cached grpcio-1.48.2-cp36-cp36m-manylinux_2_17_x86_64.manylinux2014_x86_64.whl (4.6 MB)
Collecting packaging
  Using cached packaging-21.3-py3-none-any.whl (40 kB)
Collecting typing-extensions
  Using cached typing_extensions-4.1.1-py3-none-any.whl (26 kB)
Collecting lark>=1.1.0
  Using cached lark-1.1.7-py3-none-any.whl (108 kB)
Collecting deprecated
  Using cached Deprecated-1.2.14-py2.py3-none-any.whl (9.6 kB)
Collecting tensorflow>=2.2.0
  Using cached tensorflow-2.6.2-cp36-cp36m-manylinux2010_x86_64.whl (458.3 MB)
Collecting tabulate
  Using cached tabulate-0.8.10-py3-none-any.whl (29 kB)
Collecting dataclasses
  Using cached dataclasses-0.8-py3-none-any.whl (19 kB)
Collecting tensorflow-probability>0.10.0
  Using cached tensorflow_probability-0.19.0-py2.py3-none-any.whl (6.7 MB)
Collecting gpflow
  Downloading gpflow-2.3.1-py3-none-any.whl (287 kB)
  Downloading gpflow-2.3.0-py3-none-any.whl (286 kB)
  Downloading gpflow-2.2.1-py3-none-any.whl (271 kB)
  Downloading gpflow-2.2.0-py3-none-any.whl (271 kB)
  Downloading gpflow-2.1.5-py3-none-any.whl (260 kB)
  Downloading gpflow-2.1.4-py3-none-any.whl (255 kB)
  Downloading gpflow-2.1.3-py3-none-any.whl (254 kB)
  Downloading gpflow-2.1.2-py3-none-any.whl (253 kB)
  Downloading gpflow-2.1.1-py3-none-any.whl (247 kB)
  Downloading gpflow-2.1.0-py3-none-any.whl (231 kB)
Collecting tensorflow<2.3,>=2.1.0
  Downloading tensorflow-2.2.3-cp36-cp36m-manylinux2010_x86_64.whl (516.4 MB)
Collecting tensorflow-probability<0.11,>0.10.0
  Downloading tensorflow_probability-0.10.1-py2.py3-none-any.whl (3.5 MB)
Collecting gpflow
  Downloading gpflow-2.0.5-py3-none-any.whl (230 kB)
Collecting multipledispatch>=0.6
  Using cached multipledispatch-1.0.0-py3-none-any.whl (12 kB)
Collecting charset-normalizer~=2.0.0
  Using cached charset_normalizer-2.0.12-py3-none-any.whl (39 kB)
Collecting urllib3<1.27,>=1.21.1
  Using cached urllib3-1.26.17-py2.py3-none-any.whl (143 kB)
Collecting idna<4,>=2.5
  Using cached idna-3.4-py3-none-any.whl (61 kB)
Requirement already satisfied: certifi>=2017.4.17 in /home/stud-lscholz/.conda/envs/MBRL2/lib/python3.6/site-packages (from requests>=2.0->gym==0.9.4->-r requirements.txt (line 4)) (2021.5.30)
Collecting markdown>=2.6.8
  Using cached Markdown-3.3.7-py3-none-any.whl (97 kB)
Collecting werkzeug>=0.11.10
  Using cached Werkzeug-2.0.3-py3-none-any.whl (289 kB)
Collecting importlib-metadata>=4.4
  Using cached importlib_metadata-4.8.3-py3-none-any.whl (17 kB)
Collecting zipp>=0.5
  Using cached zipp-3.6.0-py3-none-any.whl (5.3 kB)
Collecting h5py~=3.1.0
  Using cached h5py-3.1.0-cp36-cp36m-manylinux1_x86_64.whl (4.0 MB)
Collecting absl-py>=0.1.6
  Using cached absl_py-0.15.0-py3-none-any.whl (132 kB)
Collecting google-pasta~=0.2
  Using cached google_pasta-0.2.0-py3-none-any.whl (57 kB)
Collecting keras-preprocessing~=1.1.2
  Using cached Keras_Preprocessing-1.1.2-py2.py3-none-any.whl (42 kB)
Collecting tensorflow-estimator<2.7,>=2.6.0
  Using cached tensorflow_estimator-2.6.0-py2.py3-none-any.whl (462 kB)
Collecting wrapt~=1.12.1
  Using cached wrapt-1.12.1-cp36-cp36m-linux_x86_64.whl
Collecting tensorflow>=2.1.0
  Downloading tensorflow-2.6.1-cp36-cp36m-manylinux2010_x86_64.whl (458.3 MB)
  Downloading tensorflow-2.6.0-cp36-cp36m-manylinux2010_x86_64.whl (458.3 MB)
  Downloading tensorflow-2.5.2-cp36-cp36m-manylinux2010_x86_64.whl (454.3 MB)
  Downloading tensorflow-2.5.1-cp36-cp36m-manylinux2010_x86_64.whl (454.3 MB)
  Downloading tensorflow-2.5.0-cp36-cp36m-manylinux2010_x86_64.whl (454.3 MB)
  Downloading tensorflow-2.4.4-cp36-cp36m-manylinux2010_x86_64.whl (394.5 MB)
Collecting gast>=0.2.0
  Downloading gast-0.3.3-py2.py3-none-any.whl (9.7 kB)
Collecting tensorflow>=2.1.0
  Downloading tensorflow-2.4.3-cp36-cp36m-manylinux2010_x86_64.whl (394.5 MB)
  Downloading tensorflow-2.4.2-cp36-cp36m-manylinux2010_x86_64.whl (394.4 MB)
  Downloading tensorflow-2.4.1-cp36-cp36m-manylinux2010_x86_64.whl (394.3 MB)
  Downloading tensorflow-2.4.0-cp36-cp36m-manylinux2010_x86_64.whl (394.7 MB)
Collecting tensorflow-estimator<2.5.0,>=2.4.0rc0
  Downloading tensorflow_estimator-2.4.0-py2.py3-none-any.whl (462 kB)
Collecting tensorflow>=2.1.0
  Downloading tensorflow-2.3.4-cp36-cp36m-manylinux2010_x86_64.whl (320.6 MB)
  Downloading tensorflow-2.3.3-cp36-cp36m-manylinux2010_x86_64.whl (320.5 MB)
  Downloading tensorflow-2.3.2-cp36-cp36m-manylinux2010_x86_64.whl (320.4 MB)
  Downloading tensorflow-2.3.1-cp36-cp36m-manylinux2010_x86_64.whl (320.4 MB)
  Downloading tensorflow-2.3.0-cp36-cp36m-manylinux2010_x86_64.whl (320.4 MB)
Collecting tensorflow-estimator<2.3.0,>=2.2.0
  Downloading tensorflow_estimator-2.2.0-py2.py3-none-any.whl (454 kB)
Collecting astunparse==1.6.3
  Using cached astunparse-1.6.3-py2.py3-none-any.whl (12 kB)
Collecting tensorflow>=2.1.0
  Downloading tensorflow-2.2.2-cp36-cp36m-manylinux2010_x86_64.whl (516.2 MB)
  Downloading tensorflow-2.2.1-cp36-cp36m-manylinux2010_x86_64.whl (516.2 MB)
  Downloading tensorflow-2.2.0-cp36-cp36m-manylinux2010_x86_64.whl (516.2 MB)
Collecting h5py<2.11.0,>=2.10.0
  Downloading h5py-2.10.0-cp36-cp36m-manylinux1_x86_64.whl (2.9 MB)
Collecting wrapt>=1.11.1
  Downloading wrapt-1.15.0-cp36-cp36m-manylinux_2_5_x86_64.manylinux1_x86_64.manylinux_2_17_x86_64.manylinux2014_x86_64.whl (75 kB)
Collecting tensorflow>=2.1.0
  Downloading tensorflow-2.1.4-cp36-cp36m-manylinux2010_x86_64.whl (422.0 MB)
  Downloading tensorflow-2.1.3-cp36-cp36m-manylinux2010_x86_64.whl (421.9 MB)
  Downloading tensorflow-2.1.2-cp36-cp36m-manylinux2010_x86_64.whl (421.8 MB)
  Downloading tensorflow-2.1.1-cp36-cp36m-manylinux2010_x86_64.whl (421.8 MB)
Collecting gast>=0.2.0
  Downloading gast-0.2.2.tar.gz (10 kB)
Collecting keras-preprocessing==1.1.0
  Downloading Keras_Preprocessing-1.1.0-py2.py3-none-any.whl (41 kB)
Collecting tensorflow-estimator<2.2.0,>=2.1.0rc0
  Downloading tensorflow_estimator-2.1.0-py2.py3-none-any.whl (448 kB)
Collecting tensorflow>=2.1.0
  Downloading tensorflow-2.1.0-cp36-cp36m-manylinux2010_x86_64.whl (421.8 MB)
slurmstepd-mlServer: error: *** JOB 24136 ON mlServer CANCELLED AT 2023-10-13T07:44:35 ***
slurmstepd-mlServer: error: Step 24136.4294967294 hit memory limit at least once during execution. This may or may not result in some failure.
