Collecting dotmap==1.2.20
  Using cached dotmap-1.2.20.tar.gz (6.4 kB)
Collecting future==0.16.0
  Using cached future-0.16.0.tar.gz (824 kB)
Collecting gpflow
  Using cached gpflow-2.4.0-py3-none-any.whl (334 kB)
Collecting gym==0.9.4
  Using cached gym-0.9.4-py3-none-any.whl
Collecting mujoco-py==0.5.7
  Using cached mujoco-py-0.5.7.tar.gz (37 kB)
Collecting numpy==1.14.0
  Using cached numpy-1.14.0-cp36-cp36m-manylinux1_x86_64.whl (17.2 MB)
Collecting scipy==0.19.0
  Using cached scipy-0.19.0-cp36-cp36m-manylinux1_x86_64.whl (48.2 MB)
Collecting tqdm==4.19.4
  Using cached tqdm-4.19.4-py2.py3-none-any.whl (50 kB)
Collecting termcolor
  Using cached termcolor-1.1.0-py3-none-any.whl
Collecting requests>=2.0
  Using cached requests-2.27.1-py2.py3-none-any.whl (63 kB)
Collecting six
  Using cached six-1.16.0-py2.py3-none-any.whl (11 kB)
Collecting pyglet>=1.2.0
  Using cached pyglet-2.0.9-py3-none-any.whl (854 kB)
Collecting PyOpenGL>=3.1.0
  Using cached PyOpenGL-3.1.7-py3-none-any.whl (2.4 MB)
Collecting tensorflow-probability>0.10.0
  Using cached tensorflow_probability-0.19.0-py2.py3-none-any.whl (6.7 MB)
Collecting typing-extensions
  Using cached typing_extensions-4.1.1-py3-none-any.whl (26 kB)
Collecting tensorflow>=2.2.0
  Using cached tensorflow-2.6.2-cp36-cp36m-manylinux2010_x86_64.whl (458.3 MB)
Collecting dataclasses
  Using cached dataclasses-0.8-py3-none-any.whl (19 kB)
Collecting packaging
  Using cached packaging-21.3-py3-none-any.whl (40 kB)
Collecting multipledispatch>=0.6
  Using cached multipledispatch-1.0.0-py3-none-any.whl (12 kB)
Collecting tabulate
  Using cached tabulate-0.8.10-py3-none-any.whl (29 kB)
Requirement already satisfied: setuptools>=41.0.0 in /home/stud-lscholz/.conda/envs/MBRL2/lib/python3.6/site-packages (from gpflow->-r requirements.txt (line 3)) (58.0.4)
Collecting deprecated
  Using cached Deprecated-1.2.14-py2.py3-none-any.whl (9.6 kB)
Collecting lark>=1.1.0
  Using cached lark-1.1.7-py3-none-any.whl (108 kB)
Requirement already satisfied: certifi>=2017.4.17 in /home/stud-lscholz/.conda/envs/MBRL2/lib/python3.6/site-packages (from requests>=2.0->gym==0.9.4->-r requirements.txt (line 4)) (2021.5.30)
Collecting idna<4,>=2.5
  Using cached idna-3.4-py3-none-any.whl (61 kB)
Collecting charset-normalizer~=2.0.0
  Using cached charset_normalizer-2.0.12-py3-none-any.whl (39 kB)
Collecting urllib3<1.27,>=1.21.1
  Using cached urllib3-1.26.17-py2.py3-none-any.whl (143 kB)
Collecting absl-py~=0.10
  Using cached absl_py-0.15.0-py3-none-any.whl (132 kB)
Collecting clang~=5.0
  Using cached clang-5.0-py3-none-any.whl
Collecting flatbuffers~=1.12.0
  Using cached flatbuffers-1.12-py2.py3-none-any.whl (15 kB)
Requirement already satisfied: wheel~=0.35 in /home/stud-lscholz/.conda/envs/MBRL2/lib/python3.6/site-packages (from tensorflow>=2.2.0->gpflow->-r requirements.txt (line 3)) (0.37.1)
Collecting keras<2.7,>=2.6.0
  Using cached keras-2.6.0-py2.py3-none-any.whl (1.3 MB)
Collecting protobuf>=3.9.2
  Using cached protobuf-3.19.6-cp36-cp36m-manylinux_2_17_x86_64.manylinux2014_x86_64.whl (1.1 MB)
Collecting google-pasta~=0.2
  Using cached google_pasta-0.2.0-py3-none-any.whl (57 kB)
Collecting six
  Using cached six-1.15.0-py2.py3-none-any.whl (10 kB)
Collecting h5py~=3.1.0
  Using cached h5py-3.1.0-cp36-cp36m-manylinux1_x86_64.whl (4.0 MB)
Collecting keras-preprocessing~=1.1.2
  Using cached Keras_Preprocessing-1.1.2-py2.py3-none-any.whl (42 kB)
Collecting gast==0.4.0
  Using cached gast-0.4.0-py3-none-any.whl (9.8 kB)
Collecting wrapt~=1.12.1
  Using cached wrapt-1.12.1-cp36-cp36m-linux_x86_64.whl
Collecting opt-einsum~=3.3.0
  Using cached opt_einsum-3.3.0-py3-none-any.whl (65 kB)
Collecting tensorflow-estimator<2.7,>=2.6.0
  Using cached tensorflow_estimator-2.6.0-py2.py3-none-any.whl (462 kB)
Collecting tensorboard<2.7,>=2.6.0
  Using cached tensorboard-2.6.0-py3-none-any.whl (5.6 MB)
Collecting grpcio<2.0,>=1.37.0
  Using cached grpcio-1.48.2-cp36-cp36m-manylinux_2_17_x86_64.manylinux2014_x86_64.whl (4.6 MB)
Collecting astunparse~=1.6.3
  Using cached astunparse-1.6.3-py2.py3-none-any.whl (12 kB)
Collecting tensorflow>=2.2.0
  Using cached tensorflow-2.6.1-cp36-cp36m-manylinux2010_x86_64.whl (458.3 MB)
Collecting keras~=2.6
  Downloading keras-2.10.0-py2.py3-none-any.whl (1.7 MB)
Collecting tensorboard~=2.6
  Downloading tensorboard-2.10.1-py3-none-any.whl (5.9 MB)
Collecting tensorflow>=2.2.0
  Using cached tensorflow-2.6.0-cp36-cp36m-manylinux2010_x86_64.whl (458.3 MB)
Collecting tensorflow-estimator~=2.6
  Downloading tensorflow_estimator-2.8.0-py2.py3-none-any.whl (462 kB)
Collecting tensorflow>=2.2.0
  Using cached tensorflow-2.5.2-cp36-cp36m-manylinux2010_x86_64.whl (454.3 MB)
Collecting keras-nightly~=2.5.0.dev
  Downloading keras_nightly-2.5.0.dev2021032900-py2.py3-none-any.whl (1.2 MB)
Collecting grpcio~=1.34.0
  Downloading grpcio-1.34.1-cp36-cp36m-manylinux2014_x86_64.whl (4.0 MB)
Collecting tensorflow-estimator<2.6.0,>=2.5.0
  Downloading tensorflow_estimator-2.5.0-py2.py3-none-any.whl (462 kB)
Collecting tensorflow>=2.2.0
  Using cached tensorflow-2.5.1-cp36-cp36m-manylinux2010_x86_64.whl (454.3 MB)
  Using cached tensorflow-2.5.0-cp36-cp36m-manylinux2010_x86_64.whl (454.3 MB)
  Using cached tensorflow-2.4.4-cp36-cp36m-manylinux2010_x86_64.whl (394.5 MB)
  Using cached tensorflow-2.4.3-cp36-cp36m-manylinux2010_x86_64.whl (394.5 MB)
  Using cached tensorflow-2.4.2-cp36-cp36m-manylinux2010_x86_64.whl (394.4 MB)
  Using cached tensorflow-2.4.1-cp36-cp36m-manylinux2010_x86_64.whl (394.3 MB)
  Using cached tensorflow-2.4.0-cp36-cp36m-manylinux2010_x86_64.whl (394.7 MB)
Collecting tensorflow-estimator<2.5.0,>=2.4.0rc0
  Using cached tensorflow_estimator-2.4.0-py2.py3-none-any.whl (462 kB)
Collecting tensorflow>=2.2.0
  Using cached tensorflow-2.3.4-cp36-cp36m-manylinux2010_x86_64.whl (320.6 MB)
Collecting wrapt>=1.11.1
  Using cached wrapt-1.15.0-cp36-cp36m-manylinux_2_5_x86_64.manylinux1_x86_64.manylinux_2_17_x86_64.manylinux2014_x86_64.whl (75 kB)
Collecting tensorflow>=2.2.0
  Using cached tensorflow-2.3.3-cp36-cp36m-manylinux2010_x86_64.whl (320.5 MB)
  Using cached tensorflow-2.3.2-cp36-cp36m-manylinux2010_x86_64.whl (320.4 MB)
  Using cached tensorflow-2.3.1-cp36-cp36m-manylinux2010_x86_64.whl (320.4 MB)
  Using cached tensorflow-2.3.0-cp36-cp36m-manylinux2010_x86_64.whl (320.4 MB)
  Using cached tensorflow-2.2.3-cp36-cp36m-manylinux2010_x86_64.whl (516.4 MB)
  Using cached tensorflow-2.2.2-cp36-cp36m-manylinux2010_x86_64.whl (516.2 MB)
  Using cached tensorflow-2.2.1-cp36-cp36m-manylinux2010_x86_64.whl (516.2 MB)
  Using cached tensorflow-2.2.0-cp36-cp36m-manylinux2010_x86_64.whl (516.2 MB)
Collecting tensorflow-estimator<2.3.0,>=2.2.0
  Using cached tensorflow_estimator-2.2.0-py2.py3-none-any.whl (454 kB)
INFO: pip is looking at multiple versions of idna to determine which version is compatible with other requirements. This could take a while.
Collecting idna<4,>=2.5
  Downloading idna-3.3-py3-none-any.whl (61 kB)
  Downloading idna-3.2-py3-none-any.whl (59 kB)
  Downloading idna-3.1-py3-none-any.whl (58 kB)
  Downloading idna-3.0-py2.py3-none-any.whl (58 kB)
  Downloading idna-2.10-py2.py3-none-any.whl (58 kB)
  Downloading idna-2.9-py2.py3-none-any.whl (58 kB)
  Downloading idna-2.8-py2.py3-none-any.whl (58 kB)
INFO: pip is looking at multiple versions of idna to determine which version is compatible with other requirements. This could take a while.
  Downloading idna-2.7-py2.py3-none-any.whl (58 kB)
  Downloading idna-2.6-py2.py3-none-any.whl (56 kB)
  Downloading idna-2.5-py2.py3-none-any.whl (55 kB)
INFO: pip is looking at multiple versions of charset-normalizer to determine which version is compatible with other requirements. This could take a while.
Collecting charset-normalizer~=2.0.0
  Downloading charset_normalizer-2.0.11-py3-none-any.whl (39 kB)
INFO: This is taking longer than usual. You might need to provide the dependency resolver with stricter constraints to reduce runtime. If you want to abort this run, you can press Ctrl + C to do so. To improve how pip performs, tell us what happened here: https://pip.pypa.io/surveys/backtracking
  Downloading charset_normalizer-2.0.10-py3-none-any.whl (39 kB)
  Downloading charset_normalizer-2.0.9-py3-none-any.whl (39 kB)
  Downloading charset_normalizer-2.0.8-py3-none-any.whl (39 kB)
  Downloading charset_normalizer-2.0.7-py3-none-any.whl (38 kB)
  Downloading charset_normalizer-2.0.6-py3-none-any.whl (37 kB)
  Downloading charset_normalizer-2.0.5-py3-none-any.whl (37 kB)
INFO: pip is looking at multiple versions of charset-normalizer to determine which version is compatible with other requirements. This could take a while.
  Downloading charset_normalizer-2.0.4-py3-none-any.whl (36 kB)
  Downloading charset_normalizer-2.0.3-py3-none-any.whl (35 kB)
  Downloading charset_normalizer-2.0.2-py3-none-any.whl (35 kB)
  Downloading charset_normalizer-2.0.1-py3-none-any.whl (35 kB)
  Downloading charset_normalizer-2.0.0-py3-none-any.whl (35 kB)
INFO: This is taking longer than usual. You might need to provide the dependency resolver with stricter constraints to reduce runtime. If you want to abort this run, you can press Ctrl + C to do so. To improve how pip performs, tell us what happened here: https://pip.pypa.io/surveys/backtracking
INFO: pip is looking at multiple versions of certifi to determine which version is compatible with other requirements. This could take a while.
Collecting certifi>=2017.4.17
  Downloading certifi-2023.7.22-py3-none-any.whl (158 kB)
  Using cached certifi-2023.5.7-py3-none-any.whl (156 kB)
  Downloading certifi-2022.12.7-py3-none-any.whl (155 kB)
  Downloading certifi-2022.9.24-py3-none-any.whl (161 kB)
  Downloading certifi-2022.9.14-py3-none-any.whl (162 kB)
  Downloading certifi-2022.6.15.2-py3-none-any.whl (160 kB)
  Downloading certifi-2022.6.15.1-py3-none-any.whl (160 kB)
INFO: pip is looking at multiple versions of certifi to determine which version is compatible with other requirements. This could take a while.
  Downloading certifi-2022.6.15-py3-none-any.whl (160 kB)
  Downloading certifi-2022.5.18.1-py3-none-any.whl (155 kB)
  Downloading certifi-2021.10.8-py2.py3-none-any.whl (149 kB)
  Downloading certifi-2021.5.30-py2.py3-none-any.whl (145 kB)
  Downloading certifi-2020.12.5-py2.py3-none-any.whl (147 kB)
INFO: This is taking longer than usual. You might need to provide the dependency resolver with stricter constraints to reduce runtime. If you want to abort this run, you can press Ctrl + C to do so. To improve how pip performs, tell us what happened here: https://pip.pypa.io/surveys/backtracking
  Downloading certifi-2020.11.8-py2.py3-none-any.whl (155 kB)
  Downloading certifi-2020.6.20-py2.py3-none-any.whl (156 kB)
  Downloading certifi-2020.4.5.2-py2.py3-none-any.whl (157 kB)
  Downloading certifi-2020.4.5.1-py2.py3-none-any.whl (157 kB)
  Downloading certifi-2020.4.5-py2.py3-none-any.whl (156 kB)
  Downloading certifi-2019.11.28-py2.py3-none-any.whl (156 kB)
  Downloading certifi-2019.9.11-py2.py3-none-any.whl (154 kB)
  Downloading certifi-2019.6.16-py2.py3-none-any.whl (157 kB)
  Downloading certifi-2019.3.9-py2.py3-none-any.whl (158 kB)
  Downloading certifi-2018.11.29-py2.py3-none-any.whl (154 kB)
  Downloading certifi-2018.10.15-py2.py3-none-any.whl (146 kB)
  Downloading certifi-2018.8.24-py2.py3-none-any.whl (147 kB)
  Downloading certifi-2018.8.13-py2.py3-none-any.whl (146 kB)
  Downloading certifi-2018.4.16-py2.py3-none-any.whl (150 kB)
  Downloading certifi-2018.1.18-py2.py3-none-any.whl (151 kB)
  Downloading certifi-2017.11.5-py2.py3-none-any.whl (330 kB)
  Downloading certifi-2017.7.27.1-py2.py3-none-any.whl (349 kB)
  Downloading certifi-2017.7.27-py2.py3-none-any.whl (349 kB)
  Downloading certifi-2017.4.17-py2.py3-none-any.whl (375 kB)
INFO: pip is looking at multiple versions of requests to determine which version is compatible with other requirements. This could take a while.
Collecting requests>=2.0
  Downloading requests-2.27.0-py2.py3-none-any.whl (63 kB)
  Downloading requests-2.26.0-py2.py3-none-any.whl (62 kB)
  Downloading requests-2.25.1-py2.py3-none-any.whl (61 kB)
Collecting chardet<5,>=3.0.2
  Downloading chardet-4.0.0-py2.py3-none-any.whl (178 kB)
INFO: pip is looking at multiple versions of chardet to determine which version is compatible with other requirements. This could take a while.
  Downloading chardet-3.0.4-py2.py3-none-any.whl (133 kB)
  Downloading chardet-3.0.3-py2.py3-none-any.whl (133 kB)
  Downloading chardet-3.0.2-py2.py3-none-any.whl (133 kB)
INFO: pip is looking at multiple versions of chardet to determine which version is compatible with other requirements. This could take a while.
INFO: This is taking longer than usual. You might need to provide the dependency resolver with stricter constraints to reduce runtime. If you want to abort this run, you can press Ctrl + C to do so. To improve how pip performs, tell us what happened here: https://pip.pypa.io/surveys/backtracking
Collecting requests>=2.0
  Downloading requests-2.25.0-py2.py3-none-any.whl (61 kB)
  Downloading requests-2.24.0-py2.py3-none-any.whl (61 kB)
Collecting urllib3!=1.25.0,!=1.25.1,<1.26,>=1.21.1
  Downloading urllib3-1.25.11-py2.py3-none-any.whl (127 kB)
Collecting requests>=2.0
  Downloading requests-2.23.0-py2.py3-none-any.whl (58 kB)
  Downloading requests-2.22.0-py2.py3-none-any.whl (57 kB)
INFO: pip is looking at multiple versions of requests to determine which version is compatible with other requirements. This could take a while.
  Downloading requests-2.21.0-py2.py3-none-any.whl (57 kB)
Collecting urllib3<1.25,>=1.21.1
  Downloading urllib3-1.24.3-py2.py3-none-any.whl (118 kB)
Collecting requests>=2.0
  Downloading requests-2.20.1-py2.py3-none-any.whl (57 kB)
  Downloading requests-2.20.0-py2.py3-none-any.whl (60 kB)
  Downloading requests-2.19.1-py2.py3-none-any.whl (91 kB)
Collecting urllib3<1.24,>=1.21.1
  Downloading urllib3-1.23-py2.py3-none-any.whl (133 kB)
Collecting requests>=2.0
  Downloading requests-2.19.0-py2.py3-none-any.whl (91 kB)
INFO: This is taking longer than usual. You might need to provide the dependency resolver with stricter constraints to reduce runtime. If you want to abort this run, you can press Ctrl + C to do so. To improve how pip performs, tell us what happened here: https://pip.pypa.io/surveys/backtracking
  Downloading requests-2.18.4-py2.py3-none-any.whl (88 kB)
Collecting urllib3<1.23,>=1.21.1
  Downloading urllib3-1.22-py2.py3-none-any.whl (132 kB)
Collecting requests>=2.0
  Downloading requests-2.18.3-py2.py3-none-any.whl (88 kB)
  Downloading requests-2.18.2-py2.py3-none-any.whl (88 kB)
  Downloading requests-2.18.1-py2.py3-none-any.whl (88 kB)
Collecting urllib3<1.22,>=1.21.1
  Downloading urllib3-1.21.1-py2.py3-none-any.whl (131 kB)
Collecting requests>=2.0
  Downloading requests-2.18.0-py2.py3-none-any.whl (563 kB)
  Downloading requests-2.17.3-py2.py3-none-any.whl (87 kB)
  Downloading requests-2.17.2-py2.py3-none-any.whl (87 kB)
  Downloading requests-2.17.1-py2.py3-none-any.whl (87 kB)
  Downloading requests-2.17.0-py2.py3-none-any.whl (87 kB)
  Downloading requests-2.16.5-py2.py3-none-any.whl (87 kB)
  Downloading requests-2.16.4-py2.py3-none-any.whl (87 kB)
  Downloading requests-2.16.3-py2.py3-none-any.whl (86 kB)
  Downloading requests-2.16.2-py2.py3-none-any.whl (86 kB)
  Downloading requests-2.16.1-py2.py3-none-any.whl (85 kB)
  Downloading requests-2.16.0-py2.py3-none-any.whl (85 kB)
  Downloading requests-2.15.1-py2.py3-none-any.whl (558 kB)
  Downloading requests-2.14.2-py2.py3-none-any.whl (560 kB)
  Downloading requests-2.14.1-py2.py3-none-any.whl (559 kB)
  Downloading requests-2.14.0-py2.py3-none-any.whl (559 kB)
  Downloading requests-2.13.0-py2.py3-none-any.whl (584 kB)
  Downloading requests-2.12.5-py2.py3-none-any.whl (576 kB)
  Downloading requests-2.12.4-py2.py3-none-any.whl (576 kB)
  Downloading requests-2.12.3-py2.py3-none-any.whl (575 kB)
  Downloading requests-2.12.2-py2.py3-none-any.whl (575 kB)
  Downloading requests-2.12.1-py2.py3-none-any.whl (574 kB)
  Downloading requests-2.12.0-py2.py3-none-any.whl (574 kB)
  Downloading requests-2.11.1-py2.py3-none-any.whl (514 kB)
  Downloading requests-2.11.0-py2.py3-none-any.whl (514 kB)
  Downloading requests-2.10.0-py2.py3-none-any.whl (506 kB)
  Downloading requests-2.9.2-py2.py3-none-any.whl (502 kB)
  Downloading requests-2.9.1-py2.py3-none-any.whl (501 kB)
  Downloading requests-2.9.0-py2.py3-none-any.whl (500 kB)
  Downloading requests-2.8.1-py2.py3-none-any.whl (497 kB)
  Downloading requests-2.8.0-py2.py3-none-any.whl (476 kB)
  Downloading requests-2.7.0-py2.py3-none-any.whl (470 kB)
  Downloading requests-2.6.2-py2.py3-none-any.whl (470 kB)
  Downloading requests-2.6.1-py2.py3-none-any.whl (469 kB)
  Downloading requests-2.6.0-py2.py3-none-any.whl (469 kB)
  Downloading requests-2.5.3-py2.py3-none-any.whl (468 kB)
  Downloading requests-2.5.2-py2.py3-none-any.whl (474 kB)
  Downloading requests-2.5.1-py2.py3-none-any.whl (464 kB)
  Downloading requests-2.5.0-py2.py3-none-any.whl (464 kB)
  Downloading requests-2.4.3-py2.py3-none-any.whl (459 kB)
  Downloading requests-2.4.2-py2.py3-none-any.whl (459 kB)
  Downloading requests-2.4.1-py2.py3-none-any.whl (458 kB)
  Downloading requests-2.4.0-py2.py3-none-any.whl (457 kB)
  Downloading requests-2.3.0-py2.py3-none-any.whl (452 kB)
  Downloading requests-2.2.1-py2.py3-none-any.whl (625 kB)
  Downloading requests-2.2.0-py2.py3-none-any.whl (623 kB)
  Downloading requests-2.1.0-py2.py3-none-any.whl (445 kB)
  Downloading requests-2.0.1-py2.py3-none-any.whl (439 kB)
  Downloading requests-2.0.0-py2.py3-none-any.whl (391 kB)
INFO: pip is looking at multiple versions of pyopengl to determine which version is compatible with other requirements. This could take a while.
Collecting PyOpenGL>=3.1.0
  Downloading PyOpenGL-3.1.6-py3-none-any.whl (2.4 MB)
slurmstepd-mlServer: error: *** JOB 24137 ON mlServer CANCELLED AT 2023-10-13T10:05:30 ***
slurmstepd-mlServer: error: Step 24137.4294967294 hit memory limit at least once during execution. This may or may not result in some failure.
